<?xml version="1.0" encoding="UTF-8"?>
<testng-results ignored="0" total="2" passed="2" failed="0" skipped="0">
  <reporter-output>
  </reporter-output>
  <suite started-at="2022-01-31T10:07:02 CET" name="Default suite" finished-at="2022-01-31T10:07:02 CET" duration-ms="89">
    <groups>
    </groups>
    <test started-at="2022-01-31T10:07:02 CET" name="Default test" finished-at="2022-01-31T10:07:02 CET" duration-ms="89">
      <class name="test.ChiffreAffaires">
        <test-method signature="Restaurant()[pri:0, instance:test.ChiffreAffaires@54c562f7]" started-at="2022-01-31T10:07:02 CET" name="Restaurant" finished-at="2022-01-31T10:07:02 CET" duration-ms="18" status="PASS">
          <reporter-output>
          </reporter-output>
        </test-method> <!-- Restaurant -->
        <test-method signature="Serveur()[pri:0, instance:test.ChiffreAffaires@54c562f7]" started-at="2022-01-31T10:07:02 CET" name="Serveur" finished-at="2022-01-31T10:07:02 CET" duration-ms="2" status="PASS">
          <reporter-output>
          </reporter-output>
        </test-method> <!-- Serveur -->
      </class> <!-- test.ChiffreAffaires -->
    </test> <!-- Default test -->
  </suite> <!-- Default suite -->
</testng-results>
