<?xml version="1.0" encoding="UTF-8"?>
<testng-results ignored="0" total="1" passed="1" failed="0" skipped="0">
  <reporter-output>
  </reporter-output>
  <suite started-at="2022-02-06T19:36:00 CET" name="Default suite" finished-at="2022-02-06T19:36:00 CET" duration-ms="91">
    <groups>
    </groups>
    <test started-at="2022-02-06T19:36:00 CET" name="Default test" finished-at="2022-02-06T19:36:00 CET" duration-ms="91">
      <class name="test.CarteRestaurantTest">
        <test-method signature="CarteRestaurant()[pri:0, instance:test.CarteRestaurantTest@5bd03f44]" started-at="2022-02-06T19:36:00 CET" name="CarteRestaurant" finished-at="2022-02-06T19:36:00 CET" duration-ms="24" status="PASS">
          <reporter-output>
          </reporter-output>
        </test-method> <!-- CarteRestaurant -->
      </class> <!-- test.CarteRestaurantTest -->
    </test> <!-- Default test -->
  </suite> <!-- Default suite -->
</testng-results>
